e:\unity\mraygstreamerunity-master\plugin\gstreamerunityplugin.dir\debug\vc142.pdb
e:\unity\mraygstreamerunity-master\plugin\gstreamerunityplugin.dir\debug\gstplayerbin.obj
e:\unity\mraygstreamerunity-master\plugin\gstreamerunityplugin.dir\debug\gstpipelinehandler.obj
e:\unity\mraygstreamerunity-master\plugin\gstreamerunityplugin.dir\debug\gstnetworkvideostreamer.obj
e:\unity\mraygstreamerunity-master\plugin\gstreamerunityplugin.dir\debug\gstnetworkvideoplayer.obj
e:\unity\mraygstreamerunity-master\plugin\gstreamerunityplugin.dir\debug\gstnetworkmultiplevideoplayer.obj
e:\unity\mraygstreamerunity-master\plugin\gstreamerunityplugin.dir\debug\gstnetworkaudiostreamer.obj
e:\unity\mraygstreamerunity-master\plugin\gstreamerunityplugin.dir\debug\gstnetworkaudioplayer.obj
e:\unity\mraygstreamerunity-master\plugin\gstreamerunityplugin.dir\debug\gstcustomvideostreamer.obj
e:\unity\mraygstreamerunity-master\plugin\gstreamerunityplugin.dir\debug\gstcustomvideoplayer.obj
e:\unity\mraygstreamerunity-master\plugin\gstreamerunityplugin.dir\debug\gstcustomdataplayer.obj
e:\unity\mraygstreamerunity-master\plugin\gstreamerunityplugin.dir\debug\gstcustomdatastreamer.obj
e:\unity\mraygstreamerunity-master\plugin\gstreamerunityplugin.dir\debug\gstaudiosampler.obj
e:\unity\mraygstreamerunity-master\plugin\gstreamerunityplugin.dir\debug\gstappnetaudiostreamer.obj
e:\unity\mraygstreamerunity-master\plugin\gstreamerunityplugin.dir\debug\gstreamercore.obj
e:\unity\mraygstreamerunity-master\plugin\gstreamerunityplugin.dir\debug\customaudiograbber.obj
e:\unity\mraygstreamerunity-master\plugin\gstreamerunityplugin.dir\debug\coreapi.obj
e:\unity\mraygstreamerunity-master\plugin\gstreamerunityplugin.dir\debug\cmysrc.obj
e:\unity\mraygstreamerunity-master\plugin\gstreamerunityplugin.dir\debug\cmysink.obj
e:\unity\mraygstreamerunity-master\plugin\gstreamerunityplugin.dir\debug\cmylistener.obj
e:\unity\mraygstreamerunity-master\plugin\gstreamerunityplugin.dir\debug\audioappsinkhandler.obj
e:\unity\mraygstreamerunity-master\plugin\gstreamerunityplugin.dir\debug\win32udpclient.obj
e:\unity\mraygstreamerunity-master\plugin\gstreamerunityplugin.dir\debug\win32network.obj
e:\unity\mraygstreamerunity-master\plugin\gstreamerunityplugin.dir\debug\renderapi_opengl2.obj
e:\unity\mraygstreamerunity-master\plugin\gstreamerunityplugin.dir\debug\renderapi_openglcorees.obj
e:\unity\mraygstreamerunity-master\plugin\gstreamerunityplugin.dir\debug\unitygraphicsdevice.obj
e:\unity\mraygstreamerunity-master\plugin\gstreamerunityplugin.dir\debug\renderapi.obj
e:\unity\mraygstreamerunity-master\plugin\gstreamerunityplugin.dir\debug\imageinfo.obj
e:\unity\mraygstreamerunity-master\plugin\gstreamerunityplugin.dir\debug\ithreadmanager.obj
e:\unity\mraygstreamerunity-master\plugin\gstreamerunityplugin.dir\debug\netaddress.obj
e:\unity\mraygstreamerunity-master\plugin\gstreamerunityplugin.dir\debug\pixelutil.obj
e:\unity\mraygstreamerunity-master\plugin\gstreamerunityplugin.dir\debug\rtp.obj
e:\unity\mraygstreamerunity-master\plugin\gstreamerunityplugin.dir\debug\videoappsinkhandler.obj
e:\unity\mraygstreamerunity-master\plugin\gstreamerunityplugin.dir\debug\unityimagegrabber.obj
e:\unity\mraygstreamerunity-master\plugin\gstreamerunityplugin.dir\debug\unityhelpers.obj
e:\unity\mraygstreamerunity-master\plugin\gstreamerunityplugin.dir\debug\streamersapi.obj
e:\unity\mraygstreamerunity-master\plugin\gstreamerunityplugin.dir\debug\playersapi.obj
e:\unity\mraygstreamerunity-master\plugin\gstreamerunityplugin.dir\debug\networkaudiograbber.obj
e:\unity\mraygstreamerunity-master\plugin\gstreamerunityplugin.dir\debug\igstreamerstreamer.obj
e:\unity\mraygstreamerunity-master\plugin\gstreamerunityplugin.dir\debug\igstreamerplayer.obj
e:\unity\mraygstreamerunity-master\plugin\gstreamerunityplugin.dir\debug\iappsinkhandler.obj
e:\unity\mraygstreamerunity-master\plugin\gstreamerunityplugin.dir\debug\renderapi_d3d11.obj
e:\unity\mraygstreamerunity-master\plugin\gstreamerunityplugin.dir\debug\unityaudiograbber.obj
e:\unity\mraygstreamerunity-master\plugin\gstreamerunityplugin.dir\debug\gstappaudioplayer.obj
e:\unity\mraygstreamerunity-master\plugin\gstreamerunityplugin.dir\debug\localaudiograbber.obj
e:\unity\mraygstreamerunity-master\plugin\gstreamerunityplugin.dir\debug\winmutex.obj
e:\unity\mraygstreamerunity-master\plugin\gstreamerunityplugin.dir\debug\winthreadmanager.obj
e:\unity\mraygstreamerunity-master\plugin\gstreamerunityplugin.dir\debug\winthread.obj
e:\unity\mraygstreamerunity-master\plugin\cmakefiles\generate.stamp
e:\unity\mraygstreamerunity-master\plugin\debug\gstreamerunityplugin.lib
e:\unity\mraygstreamerunity-master\plugin\debug\gstreamerunityplugin.exp
e:\unity\mraygstreamerunity-master\plugin\gstreamerunityplugin.dir\debug\gstreamerunityplugin.ilk
e:\unity\mraygstreamerunity-master\plugin\debug\gstreamerunityplugin.dll
e:\unity\mraygstreamerunity-master\plugin\debug\gstreamerunityplugin.pdb
e:\unity\mraygstreamerunity-master\plugin\gstreamerunityplugin.dir\debug\gstreame.ed182d54.tlog\cl.command.1.tlog
e:\unity\mraygstreamerunity-master\plugin\gstreamerunityplugin.dir\debug\gstreame.ed182d54.tlog\cl.read.1.tlog
e:\unity\mraygstreamerunity-master\plugin\gstreamerunityplugin.dir\debug\gstreame.ed182d54.tlog\cl.write.1.tlog
e:\unity\mraygstreamerunity-master\plugin\gstreamerunityplugin.dir\debug\gstreame.ed182d54.tlog\custombuild.command.1.tlog
e:\unity\mraygstreamerunity-master\plugin\gstreamerunityplugin.dir\debug\gstreame.ed182d54.tlog\custombuild.read.1.tlog
e:\unity\mraygstreamerunity-master\plugin\gstreamerunityplugin.dir\debug\gstreame.ed182d54.tlog\custombuild.write.1.tlog
e:\unity\mraygstreamerunity-master\plugin\gstreamerunityplugin.dir\debug\gstreame.ed182d54.tlog\gstreamerunityplugin.write.1u.tlog
e:\unity\mraygstreamerunity-master\plugin\gstreamerunityplugin.dir\debug\gstreame.ed182d54.tlog\link.command.1.tlog
e:\unity\mraygstreamerunity-master\plugin\gstreamerunityplugin.dir\debug\gstreame.ed182d54.tlog\link.read.1.tlog
e:\unity\mraygstreamerunity-master\plugin\gstreamerunityplugin.dir\debug\gstreame.ed182d54.tlog\link.write.1.tlog
